Warning[205] C:\USERS\DOYDUK\DESKTOP\EE321_LAB2\LAB2ASSIGNMENT.ASM 1 : Found directive in column 1. (list)
Warning[205] C:\USERS\DOYDUK\DESKTOP\EE321_LAB2\LAB2ASSIGNMENT.ASM 3 : Found directive in column 1. (__CONFIG)
Warning[203] C:\USERS\DOYDUK\DESKTOP\EE321_LAB2\LAB2ASSIGNMENT.ASM 10 : Found opcode in column 1. (movlw)
Warning[203] C:\USERS\DOYDUK\DESKTOP\EE321_LAB2\LAB2ASSIGNMENT.ASM 11 : Found opcode in column 1. (movwf)
Warning[203] C:\USERS\DOYDUK\DESKTOP\EE321_LAB2\LAB2ASSIGNMENT.ASM 17 : Found opcode in column 1. (movlw)
Warning[203] C:\USERS\DOYDUK\DESKTOP\EE321_LAB2\LAB2ASSIGNMENT.ASM 18 : Found opcode in column 1. (movwf)
Warning[203] C:\USERS\DOYDUK\DESKTOP\EE321_LAB2\LAB2ASSIGNMENT.ASM 19 : Found opcode in column 1. (movlw)
Warning[203] C:\USERS\DOYDUK\DESKTOP\EE321_LAB2\LAB2ASSIGNMENT.ASM 20 : Found opcode in column 1. (movwf)
Warning[203] C:\USERS\DOYDUK\DESKTOP\EE321_LAB2\LAB2ASSIGNMENT.ASM 21 : Found opcode in column 1. (movlw)
Warning[203] C:\USERS\DOYDUK\DESKTOP\EE321_LAB2\LAB2ASSIGNMENT.ASM 22 : Found opcode in column 1. (movwf)
Warning[203] C:\USERS\DOYDUK\DESKTOP\EE321_LAB2\LAB2ASSIGNMENT.ASM 23 : Found opcode in column 1. (movlw)
Warning[203] C:\USERS\DOYDUK\DESKTOP\EE321_LAB2\LAB2ASSIGNMENT.ASM 24 : Found opcode in column 1. (movwf)
Warning[203] C:\USERS\DOYDUK\DESKTOP\EE321_LAB2\LAB2ASSIGNMENT.ASM 25 : Found opcode in column 1. (movlw)
Warning[203] C:\USERS\DOYDUK\DESKTOP\EE321_LAB2\LAB2ASSIGNMENT.ASM 26 : Found opcode in column 1. (movwf)
Warning[203] C:\USERS\DOYDUK\DESKTOP\EE321_LAB2\LAB2ASSIGNMENT.ASM 27 : Found opcode in column 1. (movlw)
Warning[203] C:\USERS\DOYDUK\DESKTOP\EE321_LAB2\LAB2ASSIGNMENT.ASM 28 : Found opcode in column 1. (movwf)
Warning[203] C:\USERS\DOYDUK\DESKTOP\EE321_LAB2\LAB2ASSIGNMENT.ASM 29 : Found opcode in column 1. (movlw)
Warning[203] C:\USERS\DOYDUK\DESKTOP\EE321_LAB2\LAB2ASSIGNMENT.ASM 30 : Found opcode in column 1. (movwf)
Warning[203] C:\USERS\DOYDUK\DESKTOP\EE321_LAB2\LAB2ASSIGNMENT.ASM 31 : Found opcode in column 1. (movlw)
Warning[203] C:\USERS\DOYDUK\DESKTOP\EE321_LAB2\LAB2ASSIGNMENT.ASM 32 : Found opcode in column 1. (movwf)
Warning[203] C:\USERS\DOYDUK\DESKTOP\EE321_LAB2\LAB2ASSIGNMENT.ASM 33 : Found opcode in column 1. (movlw)
Warning[203] C:\USERS\DOYDUK\DESKTOP\EE321_LAB2\LAB2ASSIGNMENT.ASM 34 : Found opcode in column 1. (movwf)
Warning[203] C:\USERS\DOYDUK\DESKTOP\EE321_LAB2\LAB2ASSIGNMENT.ASM 35 : Found opcode in column 1. (movlw)
Warning[203] C:\USERS\DOYDUK\DESKTOP\EE321_LAB2\LAB2ASSIGNMENT.ASM 36 : Found opcode in column 1. (movwf)
Warning[203] C:\USERS\DOYDUK\DESKTOP\EE321_LAB2\LAB2ASSIGNMENT.ASM 40 : Found opcode in column 1. (movlw)
Warning[203] C:\USERS\DOYDUK\DESKTOP\EE321_LAB2\LAB2ASSIGNMENT.ASM 41 : Found opcode in column 1. (movwf)
Warning[203] C:\USERS\DOYDUK\DESKTOP\EE321_LAB2\LAB2ASSIGNMENT.ASM 45 : Found opcode in column 1. (movlw)
Warning[203] C:\USERS\DOYDUK\DESKTOP\EE321_LAB2\LAB2ASSIGNMENT.ASM 46 : Found opcode in column 1. (movwf)
Warning[203] C:\USERS\DOYDUK\DESKTOP\EE321_LAB2\LAB2ASSIGNMENT.ASM 49 : Found opcode in column 1. (movlw)
Warning[203] C:\USERS\DOYDUK\DESKTOP\EE321_LAB2\LAB2ASSIGNMENT.ASM 50 : Found opcode in column 1. (movwf)
Warning[203] C:\USERS\DOYDUK\DESKTOP\EE321_LAB2\LAB2ASSIGNMENT.ASM 56 : Found opcode in column 1. (movlw)
Warning[203] C:\USERS\DOYDUK\DESKTOP\EE321_LAB2\LAB2ASSIGNMENT.ASM 57 : Found opcode in column 1. (andwf)
Warning[203] C:\USERS\DOYDUK\DESKTOP\EE321_LAB2\LAB2ASSIGNMENT.ASM 58 : Found opcode in column 1. (btfsc)
Warning[203] C:\USERS\DOYDUK\DESKTOP\EE321_LAB2\LAB2ASSIGNMENT.ASM 59 : Found opcode in column 1. (goto)
Warning[203] C:\USERS\DOYDUK\DESKTOP\EE321_LAB2\LAB2ASSIGNMENT.ASM 63 : Found opcode in column 1. (incf)
Warning[203] C:\USERS\DOYDUK\DESKTOP\EE321_LAB2\LAB2ASSIGNMENT.ASM 69 : Found opcode in column 1. (incf)
Warning[203] C:\USERS\DOYDUK\DESKTOP\EE321_LAB2\LAB2ASSIGNMENT.ASM 72 : Found opcode in column 1. (decfsz)
Warning[203] C:\USERS\DOYDUK\DESKTOP\EE321_LAB2\LAB2ASSIGNMENT.ASM 73 : Found opcode in column 1. (goto)
Warning[203] C:\USERS\DOYDUK\DESKTOP\EE321_LAB2\LAB2ASSIGNMENT.ASM 79 : Found opcode in column 1. (clrf)
Warning[205] C:\USERS\DOYDUK\DESKTOP\EE321_LAB2\LAB2ASSIGNMENT.ASM 80 : Found directive in column 1. (banksel)
Warning[203] C:\USERS\DOYDUK\DESKTOP\EE321_LAB2\LAB2ASSIGNMENT.ASM 81 : Found opcode in column 1. (clrf)
Message[302] C:\USERS\DOYDUK\DESKTOP\EE321_LAB2\LAB2ASSIGNMENT.ASM 81 : Register in operand not in bank 0.  Ensure that bank bits are correct.
Warning[205] C:\USERS\DOYDUK\DESKTOP\EE321_LAB2\LAB2ASSIGNMENT.ASM 82 : Found directive in column 1. (banksel)
Warning[203] C:\USERS\DOYDUK\DESKTOP\EE321_LAB2\LAB2ASSIGNMENT.ASM 84 : Found opcode in column 1. (movf)
Warning[203] C:\USERS\DOYDUK\DESKTOP\EE321_LAB2\LAB2ASSIGNMENT.ASM 85 : Found opcode in column 1. (movwf)
Warning[205] C:\USERS\DOYDUK\DESKTOP\EE321_LAB2\LAB2ASSIGNMENT.ASM 90 : Found directive in column 1. (end)
