MPASM  5.51                LAB2ASSIGNMENT.ASM   3-21-2024  10:18:25         PAGE  1


LOC  OBJECT CODE     LINE SOURCE TEXT
  VALUE

Warning[205]: Found directive in column 1. (list)
                      00001 list      p=16f628A           ; list directive to define processor
                      00002 #include <p16F628A.inc>       ; processor specific variable definitions
                      00001         LIST
                      00002 
                      00003 ;==========================================================================
                      00004 ;  MPASM PIC16F628A processor include
                      00005 ; 
                      00006 ;  (c) Copyright 1999-2013 Microchip Technology, All rights reserved
                      00007 ;==========================================================================
                      00008 
                      00385         LIST
Warning[205]: Found directive in column 1. (__CONFIG)
2007   3FF8           00003 __CONFIG _INTRC_OSC_NOCLKOUT & _WDT_OFF
                      00004 
  00000020            00005 num EQU 0x20
  00000021            00006 array EQU 0x21
  00000035            00007 cnt EQU 0x35
                      00008 
                      00009 ; num = 10
Warning[203]: Found opcode in column 1. (movlw)
0000   300A           00010 movlw 0xA    ; movlw = move const to W
Warning[203]: Found opcode in column 1. (movwf)
0001   00A0           00011 movwf num    ; movwf = move w to f
                      00012 ; array[10]={200,2,3,5,14,15,16,114,115,200};
                      00013 
                      00014 ; 0xN is hexadecimal representation of the number
                      00015 ; .N is decimal representation of the number
                      00016 
Warning[203]: Found opcode in column 1. (movlw)
0002   30C8           00017 movlw 0xC8 ; or .200 for decimal assignment
Warning[203]: Found opcode in column 1. (movwf)
0003   00A1           00018 movwf array
Warning[203]: Found opcode in column 1. (movlw)
0004   3002           00019 movlw 0x02 ; or .2 for decimal assignment
Warning[203]: Found opcode in column 1. (movwf)
0005   00A2           00020 movwf array+1
Warning[203]: Found opcode in column 1. (movlw)
0006   3003           00021 movlw 0x03 ; 3 for decimal assignment
Warning[203]: Found opcode in column 1. (movwf)
0007   00A3           00022 movwf array+2
Warning[203]: Found opcode in column 1. (movlw)
0008   3005           00023 movlw .5
Warning[203]: Found opcode in column 1. (movwf)
0009   00A4           00024 movwf array+3
Warning[203]: Found opcode in column 1. (movlw)
000A   300E           00025 movlw .14
Warning[203]: Found opcode in column 1. (movwf)
000B   00A5           00026 movwf array+4
Warning[203]: Found opcode in column 1. (movlw)
000C   300F           00027 movlw .15
Warning[203]: Found opcode in column 1. (movwf)
000D   00A6           00028 movwf array+5
MPASM  5.51                LAB2ASSIGNMENT.ASM   3-21-2024  10:18:25         PAGE  2


LOC  OBJECT CODE     LINE SOURCE TEXT
  VALUE

Warning[203]: Found opcode in column 1. (movlw)
000E   3010           00029 movlw .16
Warning[203]: Found opcode in column 1. (movwf)
000F   00A7           00030 movwf array+6
Warning[203]: Found opcode in column 1. (movlw)
0010   3072           00031 movlw .114
Warning[203]: Found opcode in column 1. (movwf)
0011   00A8           00032 movwf array+7
Warning[203]: Found opcode in column 1. (movlw)
0012   3073           00033 movlw .115
Warning[203]: Found opcode in column 1. (movwf)
0013   00A9           00034 movwf array+8
Warning[203]: Found opcode in column 1. (movlw)
0014   30C8           00035 movlw .200
Warning[203]: Found opcode in column 1. (movwf)
0015   00AA           00036 movwf array+9
                      00037 
                      00038 
                      00039 ; cnt=0;
Warning[203]: Found opcode in column 1. (movlw)
0016   3000           00040 movlw 0
Warning[203]: Found opcode in column 1. (movwf)
0017   00B5           00041 movwf cnt
                      00042 
  00000036            00043 ii EQU 0x36
                      00044 ; ii = 10
Warning[203]: Found opcode in column 1. (movlw)
0018   300A           00045 movlw 0xA
Warning[203]: Found opcode in column 1. (movwf)
0019   00B6           00046 movwf ii
                      00047 
                      00048 ; Your tasks start here...
Warning[203]: Found opcode in column 1. (movlw)
001A   3021           00049 movlw array ; start point
Warning[203]: Found opcode in column 1. (movwf)
001B   0084           00050 movwf FSR
                      00051 
001C                  00052 loopTop:
                      00053 
                      00054 ; if((array[ii] & 0x01) == 0)
                      00055 ; fill here (4 lines)
Warning[203]: Found opcode in column 1. (movlw)
001C   3001           00056 movlw 0x01           ; 0x01 -> w
Warning[203]: Found opcode in column 1. (andwf)
001D   0500           00057 andwf INDF,0         ; 0x01 & array[ii], HINT:INDF
Warning[203]: Found opcode in column 1. (btfsc)
001E   1903           00058 btfsc STATUS,Z       ; test, skip or no skip
Warning[203]: Found opcode in column 1. (goto)
001F   2821           00059 goto loopBottom      ; goto loopBottom
                      00060 
                      00061 
                      00062 ; fill here (1 line)
Warning[203]: Found opcode in column 1. (incf)
MPASM  5.51                LAB2ASSIGNMENT.ASM   3-21-2024  10:18:25         PAGE  3


LOC  OBJECT CODE     LINE SOURCE TEXT
  VALUE

0020   0AB5           00063 incf cnt,1           ; cnt++
                      00064 
0021                  00065 loopBottom:
                      00066 
                      00067 
                      00068 ; fill here (1 line)
Warning[203]: Found opcode in column 1. (incf)
0021   0A84           00069 incf FSR,1           ; ptr++
                      00070 
                      00071 ; fill here (2 lines)
Warning[203]: Found opcode in column 1. (decfsz)
0022   0BB6           00072 decfsz ii,1             ; if(--ii != 0)
Warning[203]: Found opcode in column 1. (goto)
0023   281C           00073 goto loopTop         ;  goto loopTop
                      00074 
                      00075 
                      00076 
                      00077 ; that's it ...
                      00078 
Warning[203]: Found opcode in column 1. (clrf)
0024   0186           00079 clrf PORTB
Warning[205]: Found directive in column 1. (banksel)
0025   1683 1303      00080 banksel TRISB
Warning[203]: Found opcode in column 1. (clrf)
Message[302]: Register in operand not in bank 0.  Ensure that bank bits are correct.
0027   0186           00081 clrf TRISB
Warning[205]: Found directive in column 1. (banksel)
0028   1283 1303      00082 banksel PORTB
                      00083 
Warning[203]: Found opcode in column 1. (movf)
002A   0835           00084 movf  cnt, w
Warning[203]: Found opcode in column 1. (movwf)
002B   0086           00085 movwf PORTB
                      00086 
                      00087 ; return
002C   282C           00088 progEnd: goto progEnd
                      00089 
Warning[205]: Found directive in column 1. (end)
                      00090 end
MPASM  5.51                LAB2ASSIGNMENT.ASM   3-21-2024  10:18:25         PAGE  4


SYMBOL TABLE
  LABEL                             VALUE 

ADDEN                             00000003
ADEN                              00000003
BRGH                              00000002
C                                 00000000
C1INV                             00000004
C1OUT                             00000006
C2INV                             00000005
C2OUT                             00000007
CCP1CON                           00000017
CCP1IE                            00000002
CCP1IF                            00000002
CCP1M0                            00000000
CCP1M1                            00000001
CCP1M2                            00000002
CCP1M3                            00000003
CCP1X                             00000005
CCP1Y                             00000004
CCPR1                             00000015
CCPR1H                            00000016
CCPR1L                            00000015
CIS                               00000003
CM0                               00000000
CM1                               00000001
CM2                               00000002
CMCON                             0000001F
CMIE                              00000006
CMIF                              00000006
CREN                              00000004
CSRC                              00000007
DATA_CP_OFF                       00003FFF
DATA_CP_ON                        00003EFF
DC                                00000001
EEADR                             0000009B
EECON1                            0000009C
EECON2                            0000009D
EEDATA                            0000009A
EEIE                              00000007
EEIF                              00000007
F                                 00000001
FERR                              00000002
FSR                               00000004
GIE                               00000007
INDF                              00000000
INTCON                            0000000B
INTE                              00000004
INTEDG                            00000006
INTF                              00000001
IRP                               00000007
NOT_BO                            00000000
NOT_BOD                           00000000
NOT_BOR                           00000000
NOT_PD                            00000003
NOT_POR                           00000001
MPASM  5.51                LAB2ASSIGNMENT.ASM   3-21-2024  10:18:25         PAGE  5


SYMBOL TABLE
  LABEL                             VALUE 

NOT_RBPU                          00000007
NOT_T1SYNC                        00000002
NOT_TO                            00000004
OERR                              00000001
OPTION_REG                        00000081
OSCF                              00000003
PCL                               00000002
PCLATH                            0000000A
PCON                              0000008E
PEIE                              00000006
PIE1                              0000008C
PIR1                              0000000C
PORTA                             00000005
PORTB                             00000006
PR2                               00000092
PS0                               00000000
PS1                               00000001
PS2                               00000002
PSA                               00000003
RA0                               00000000
RA1                               00000001
RA2                               00000002
RA3                               00000003
RA4                               00000004
RA5                               00000005
RA6                               00000006
RA7                               00000007
RB0                               00000000
RB1                               00000001
RB2                               00000002
RB3                               00000003
RB4                               00000004
RB5                               00000005
RB6                               00000006
RB7                               00000007
RBIE                              00000003
RBIF                              00000000
RCIE                              00000005
RCIF                              00000005
RCREG                             0000001A
RCSTA                             00000018
RD                                00000000
RP0                               00000005
RP1                               00000006
RX9                               00000006
RX9D                              00000000
SPBRG                             00000099
SPEN                              00000007
SREN                              00000005
STATUS                            00000003
SYNC                              00000004
T0CS                              00000005
T0IE                              00000005
MPASM  5.51                LAB2ASSIGNMENT.ASM   3-21-2024  10:18:25         PAGE  6


SYMBOL TABLE
  LABEL                             VALUE 

T0IF                              00000002
T0SE                              00000004
T1CKPS0                           00000004
T1CKPS1                           00000005
T1CON                             00000010
T1OSCEN                           00000003
T2CKPS0                           00000000
T2CKPS1                           00000001
T2CON                             00000012
TMR0                              00000001
TMR0IE                            00000005
TMR0IF                            00000002
TMR1                              0000000E
TMR1CS                            00000001
TMR1H                             0000000F
TMR1IE                            00000000
TMR1IF                            00000000
TMR1L                             0000000E
TMR1ON                            00000000
TMR2                              00000011
TMR2IE                            00000001
TMR2IF                            00000001
TMR2ON                            00000002
TOUTPS0                           00000003
TOUTPS1                           00000004
TOUTPS2                           00000005
TOUTPS3                           00000006
TRISA                             00000085
TRISA0                            00000000
TRISA1                            00000001
TRISA2                            00000002
TRISA3                            00000003
TRISA4                            00000004
TRISA5                            00000005
TRISA6                            00000006
TRISA7                            00000007
TRISB                             00000086
TRISB0                            00000000
TRISB1                            00000001
TRISB2                            00000002
TRISB3                            00000003
TRISB4                            00000004
TRISB5                            00000005
TRISB6                            00000006
TRISB7                            00000007
TRMT                              00000001
TX9                               00000006
TX9D                              00000000
TXEN                              00000005
TXIE                              00000004
TXIF                              00000004
TXREG                             00000019
TXSTA                             00000098
MPASM  5.51                LAB2ASSIGNMENT.ASM   3-21-2024  10:18:25         PAGE  7


SYMBOL TABLE
  LABEL                             VALUE 

VR0                               00000000
VR1                               00000001
VR2                               00000002
VR3                               00000003
VRCON                             0000009F
VREN                              00000007
VROE                              00000006
VRR                               00000005
W                                 00000000
WR                                00000001
WREN                              00000002
WRERR                             00000003
Z                                 00000002
_BODEN_OFF                        00003FBF
_BODEN_ON                         00003FFF
_BOREN_OFF                        00003FBF
_BOREN_ON                         00003FFF
_CONFIG                           00002007
_CPD_OFF                          00003FFF
_CPD_ON                           00003EFF
_CP_OFF                           00003FFF
_CP_ON                            00001FFF
_DEVID1                           00002006
_ER_OSC_CLKOUT                    00003FFF
_ER_OSC_NOCLKOUT                  00003FFE
_EXTCLK_OSC                       00003FEF
_FOSC_ECIO                        00003FEF
_FOSC_EXTRCCLK                    00003FFF
_FOSC_EXTRCIO                     00003FFE
_FOSC_HS                          00003FEE
_FOSC_INTOSCCLK                   00003FFD
_FOSC_INTOSCIO                    00003FFC
_FOSC_LP                          00003FEC
_FOSC_XT                          00003FED
_HS_OSC                           00003FEE
_IDLOC0                           00002000
_IDLOC1                           00002001
_IDLOC2                           00002002
_IDLOC3                           00002003
_INTOSC_OSC_CLKOUT                00003FFD
_INTOSC_OSC_NOCLKOUT              00003FFC
_INTRC_OSC_CLKOUT                 00003FFD
_INTRC_OSC_NOCLKOUT               00003FFC
_LP_OSC                           00003FEC
_LVP_OFF                          00003F7F
_LVP_ON                           00003FFF
_MCLRE_OFF                        00003FDF
_MCLRE_ON                         00003FFF
_PWRTE_OFF                        00003FFF
_PWRTE_ON                         00003FF7
_RC_OSC_CLKOUT                    00003FFF
_RC_OSC_NOCLKOUT                  00003FFE
_WDTE_OFF                         00003FFB
MPASM  5.51                LAB2ASSIGNMENT.ASM   3-21-2024  10:18:25         PAGE  8


SYMBOL TABLE
  LABEL                             VALUE 

_WDTE_ON                          00003FFF
_WDT_OFF                          00003FFB
_WDT_ON                           00003FFF
_XT_OSC                           00003FED
__16F628A                         00000001
__DEBUG                           1
array                             00000021
cnt                               00000035
ii                                00000036
loopBottom                        00000021
loopTop                           0000001C
num                               00000020
progEnd                           0000002C


MEMORY USAGE MAP ('X' = Used,  '-' = Unused)

0000 : XXXXXXXXXXXXXXXX XXXXXXXXXXXXXXXX XXXXXXXXXXXXX--- ----------------
2000 : -------X-------- ---------------- ---------------- ----------------

All other memory blocks unused.

Program Memory Words Used:    45
Program Memory Words Free:  2003


Errors   :     0
Warnings :    45 reported,     0 suppressed
Messages :     1 reported,     0 suppressed

